[13-Apr-2024 10:09:00 UTC] PHP Warning:  mysqli_real_connect(): php_network_getaddresses: getaddrinfo failed: nodename nor servname provided, or not known in /Users/hyungjuk/C_cursus/WebServ/webserv/wordpress/wp-includes/class-wpdb.php on line 1987
[13-Apr-2024 10:09:00 UTC] PHP Warning:  mysqli_real_connect(): (HY000/2002): php_network_getaddresses: getaddrinfo failed: nodename nor servname provided, or not known in /Users/hyungjuk/C_cursus/WebServ/webserv/wordpress/wp-includes/class-wpdb.php on line 1987
[16-Apr-2024 08:12:47 UTC] PHP Warning:  mysqli_real_connect(): php_network_getaddresses: getaddrinfo failed: nodename nor servname provided, or not known in /Users/hyungjuk/C_cursus/Webserv/wordpress/wp-includes/class-wpdb.php on line 1987
[16-Apr-2024 08:12:47 UTC] PHP Warning:  mysqli_real_connect(): (HY000/2002): php_network_getaddresses: getaddrinfo failed: nodename nor servname provided, or not known in /Users/hyungjuk/C_cursus/Webserv/wordpress/wp-includes/class-wpdb.php on line 1987
[16-Apr-2024 08:19:01 UTC] PHP Warning:  mysqli_real_connect(): php_network_getaddresses: getaddrinfo failed: nodename nor servname provided, or not known in /Users/hyungjuk/C_cursus/Webserv/wordpress/wp-includes/class-wpdb.php on line 1987
[16-Apr-2024 08:19:01 UTC] PHP Warning:  mysqli_real_connect(): (HY000/2002): php_network_getaddresses: getaddrinfo failed: nodename nor servname provided, or not known in /Users/hyungjuk/C_cursus/Webserv/wordpress/wp-includes/class-wpdb.php on line 1987
[16-Apr-2024 08:19:04 UTC] PHP Warning:  mysqli_real_connect(): php_network_getaddresses: getaddrinfo failed: nodename nor servname provided, or not known in /Users/hyungjuk/C_cursus/Webserv/wordpress/wp-includes/class-wpdb.php on line 1987
[16-Apr-2024 08:19:04 UTC] PHP Warning:  mysqli_real_connect(): (HY000/2002): php_network_getaddresses: getaddrinfo failed: nodename nor servname provided, or not known in /Users/hyungjuk/C_cursus/Webserv/wordpress/wp-includes/class-wpdb.php on line 1987
[16-Apr-2024 08:58:42 UTC] PHP Warning:  mysqli_real_connect(): php_network_getaddresses: getaddrinfo failed: nodename nor servname provided, or not known in /Users/hyungjuk/C_cursus/Webserv/wordpress/wp-includes/class-wpdb.php on line 1987
[16-Apr-2024 08:58:42 UTC] PHP Warning:  mysqli_real_connect(): (HY000/2002): php_network_getaddresses: getaddrinfo failed: nodename nor servname provided, or not known in /Users/hyungjuk/C_cursus/Webserv/wordpress/wp-includes/class-wpdb.php on line 1987
[16-Apr-2024 09:01:14 UTC] PHP Warning:  mysqli_real_connect(): php_network_getaddresses: getaddrinfo failed: nodename nor servname provided, or not known in /Users/hyungjuk/C_cursus/Webserv/wordpress/wp-includes/class-wpdb.php on line 1987
[16-Apr-2024 09:01:14 UTC] PHP Warning:  mysqli_real_connect(): (HY000/2002): php_network_getaddresses: getaddrinfo failed: nodename nor servname provided, or not known in /Users/hyungjuk/C_cursus/Webserv/wordpress/wp-includes/class-wpdb.php on line 1987
[16-Apr-2024 09:01:16 UTC] PHP Warning:  mysqli_real_connect(): php_network_getaddresses: getaddrinfo failed: nodename nor servname provided, or not known in /Users/hyungjuk/C_cursus/Webserv/wordpress/wp-includes/class-wpdb.php on line 1987
[16-Apr-2024 09:01:16 UTC] PHP Warning:  mysqli_real_connect(): (HY000/2002): php_network_getaddresses: getaddrinfo failed: nodename nor servname provided, or not known in /Users/hyungjuk/C_cursus/Webserv/wordpress/wp-includes/class-wpdb.php on line 1987
[16-Apr-2024 09:03:56 UTC] PHP Warning:  mysqli_real_connect(): php_network_getaddresses: getaddrinfo failed: nodename nor servname provided, or not known in /Users/hyungjuk/C_cursus/Webserv/wordpress/wp-includes/class-wpdb.php on line 1987
[16-Apr-2024 09:03:56 UTC] PHP Warning:  mysqli_real_connect(): (HY000/2002): php_network_getaddresses: getaddrinfo failed: nodename nor servname provided, or not known in /Users/hyungjuk/C_cursus/Webserv/wordpress/wp-includes/class-wpdb.php on line 1987
[16-Apr-2024 09:03:58 UTC] PHP Warning:  mysqli_real_connect(): php_network_getaddresses: getaddrinfo failed: nodename nor servname provided, or not known in /Users/hyungjuk/C_cursus/Webserv/wordpress/wp-includes/class-wpdb.php on line 1987
[16-Apr-2024 09:03:58 UTC] PHP Warning:  mysqli_real_connect(): (HY000/2002): php_network_getaddresses: getaddrinfo failed: nodename nor servname provided, or not known in /Users/hyungjuk/C_cursus/Webserv/wordpress/wp-includes/class-wpdb.php on line 1987
[16-Apr-2024 09:04:01 UTC] PHP Warning:  mysqli_real_connect(): php_network_getaddresses: getaddrinfo failed: nodename nor servname provided, or not known in /Users/hyungjuk/C_cursus/Webserv/wordpress/wp-includes/class-wpdb.php on line 1987
[16-Apr-2024 09:04:01 UTC] PHP Warning:  mysqli_real_connect(): (HY000/2002): php_network_getaddresses: getaddrinfo failed: nodename nor servname provided, or not known in /Users/hyungjuk/C_cursus/Webserv/wordpress/wp-includes/class-wpdb.php on line 1987
[16-Apr-2024 09:04:03 UTC] PHP Warning:  mysqli_real_connect(): php_network_getaddresses: getaddrinfo failed: nodename nor servname provided, or not known in /Users/hyungjuk/C_cursus/Webserv/wordpress/wp-includes/class-wpdb.php on line 1987
[16-Apr-2024 09:04:03 UTC] PHP Warning:  mysqli_real_connect(): (HY000/2002): php_network_getaddresses: getaddrinfo failed: nodename nor servname provided, or not known in /Users/hyungjuk/C_cursus/Webserv/wordpress/wp-includes/class-wpdb.php on line 1987
[16-Apr-2024 09:07:59 UTC] PHP Warning:  mysqli_real_connect(): php_network_getaddresses: getaddrinfo failed: nodename nor servname provided, or not known in /Users/hyungjuk/C_cursus/Webserv/wordpress/wp-includes/class-wpdb.php on line 1987
[16-Apr-2024 09:07:59 UTC] PHP Warning:  mysqli_real_connect(): (HY000/2002): php_network_getaddresses: getaddrinfo failed: nodename nor servname provided, or not known in /Users/hyungjuk/C_cursus/Webserv/wordpress/wp-includes/class-wpdb.php on line 1987
[16-Apr-2024 09:08:10 UTC] PHP Warning:  mysqli_real_connect(): php_network_getaddresses: getaddrinfo failed: nodename nor servname provided, or not known in /Users/hyungjuk/C_cursus/Webserv/wordpress/wp-includes/class-wpdb.php on line 1987
[16-Apr-2024 09:08:10 UTC] PHP Warning:  mysqli_real_connect(): (HY000/2002): php_network_getaddresses: getaddrinfo failed: nodename nor servname provided, or not known in /Users/hyungjuk/C_cursus/Webserv/wordpress/wp-includes/class-wpdb.php on line 1987
[16-Apr-2024 10:37:28 UTC] PHP Warning:  mysqli_real_connect(): php_network_getaddresses: getaddrinfo failed: nodename nor servname provided, or not known in /Users/hyungjuk/C_cursus/Webserv/wordpress/wp-includes/class-wpdb.php on line 1987
[16-Apr-2024 10:37:28 UTC] PHP Warning:  mysqli_real_connect(): (HY000/2002): php_network_getaddresses: getaddrinfo failed: nodename nor servname provided, or not known in /Users/hyungjuk/C_cursus/Webserv/wordpress/wp-includes/class-wpdb.php on line 1987
[16-Apr-2024 10:41:03 UTC] PHP Warning:  mysqli_real_connect(): php_network_getaddresses: getaddrinfo failed: nodename nor servname provided, or not known in /Users/hyungjuk/C_cursus/Webserv/wordpress/wp-includes/class-wpdb.php on line 1987
[16-Apr-2024 10:41:03 UTC] PHP Warning:  mysqli_real_connect(): (HY000/2002): php_network_getaddresses: getaddrinfo failed: nodename nor servname provided, or not known in /Users/hyungjuk/C_cursus/Webserv/wordpress/wp-includes/class-wpdb.php on line 1987
[17-Apr-2024 05:06:11 UTC] PHP Warning:  mysqli_real_connect(): php_network_getaddresses: getaddrinfo failed: nodename nor servname provided, or not known in /Users/hyungjuk/C_cursus/Webserv/wordpress/wp-includes/class-wpdb.php on line 1987
[17-Apr-2024 05:06:11 UTC] PHP Warning:  mysqli_real_connect(): (HY000/2002): php_network_getaddresses: getaddrinfo failed: nodename nor servname provided, or not known in /Users/hyungjuk/C_cursus/Webserv/wordpress/wp-includes/class-wpdb.php on line 1987
[17-Apr-2024 05:06:30 UTC] PHP Warning:  mysqli_real_connect(): php_network_getaddresses: getaddrinfo failed: nodename nor servname provided, or not known in /Users/hyungjuk/C_cursus/Webserv/wordpress/wp-includes/class-wpdb.php on line 1987
[17-Apr-2024 05:06:30 UTC] PHP Warning:  mysqli_real_connect(): (HY000/2002): php_network_getaddresses: getaddrinfo failed: nodename nor servname provided, or not known in /Users/hyungjuk/C_cursus/Webserv/wordpress/wp-includes/class-wpdb.php on line 1987
[17-Apr-2024 05:06:56 UTC] PHP Warning:  mysqli_real_connect(): php_network_getaddresses: getaddrinfo failed: nodename nor servname provided, or not known in /Users/hyungjuk/C_cursus/Webserv/wordpress/wp-includes/class-wpdb.php on line 1987
[17-Apr-2024 05:06:56 UTC] PHP Warning:  mysqli_real_connect(): (HY000/2002): php_network_getaddresses: getaddrinfo failed: nodename nor servname provided, or not known in /Users/hyungjuk/C_cursus/Webserv/wordpress/wp-includes/class-wpdb.php on line 1987
[17-Apr-2024 05:06:58 UTC] PHP Warning:  mysqli_real_connect(): php_network_getaddresses: getaddrinfo failed: nodename nor servname provided, or not known in /Users/hyungjuk/C_cursus/Webserv/wordpress/wp-includes/class-wpdb.php on line 1987
[17-Apr-2024 05:06:58 UTC] PHP Warning:  mysqli_real_connect(): (HY000/2002): php_network_getaddresses: getaddrinfo failed: nodename nor servname provided, or not known in /Users/hyungjuk/C_cursus/Webserv/wordpress/wp-includes/class-wpdb.php on line 1987
[19-Apr-2024 13:55:39 UTC] PHP Warning:  mysqli_real_connect(): php_network_getaddresses: getaddrinfo failed: nodename nor servname provided, or not known in /Users/sunko/Desktop/webserv/wordpress/wp-includes/class-wpdb.php on line 1987
[19-Apr-2024 13:55:39 UTC] PHP Warning:  mysqli_real_connect(): (HY000/2002): php_network_getaddresses: getaddrinfo failed: nodename nor servname provided, or not known in /Users/sunko/Desktop/webserv/wordpress/wp-includes/class-wpdb.php on line 1987
[19-Apr-2024 13:58:13 UTC] PHP Warning:  mysqli_real_connect(): php_network_getaddresses: getaddrinfo failed: nodename nor servname provided, or not known in /Users/sunko/Desktop/webserv/wordpress/wp-includes/class-wpdb.php on line 1987
[19-Apr-2024 13:58:13 UTC] PHP Warning:  mysqli_real_connect(): (HY000/2002): php_network_getaddresses: getaddrinfo failed: nodename nor servname provided, or not known in /Users/sunko/Desktop/webserv/wordpress/wp-includes/class-wpdb.php on line 1987
[19-Apr-2024 05:54:31 UTC] PHP Warning:  mysqli_real_connect(): php_network_getaddresses: getaddrinfo failed: nodename nor servname provided, or not known in /Users/hyungjuk/C_cursus/Webserv/wordpress/wp-includes/class-wpdb.php on line 1987
[19-Apr-2024 05:54:31 UTC] PHP Warning:  mysqli_real_connect(): (HY000/2002): php_network_getaddresses: getaddrinfo failed: nodename nor servname provided, or not known in /Users/hyungjuk/C_cursus/Webserv/wordpress/wp-includes/class-wpdb.php on line 1987
[19-Apr-2024 13:23:07 UTC] PHP Warning:  mysqli_real_connect(): php_network_getaddresses: getaddrinfo for mariadb failed: nodename nor servname provided, or not known in /Users/kang-yean-woo/42/cursus/webserv/wordpress/wp-includes/class-wpdb.php on line 1987
[19-Apr-2024 13:23:07 UTC] PHP Warning:  mysqli_real_connect(): (HY000/2002): php_network_getaddresses: getaddrinfo for mariadb failed: nodename nor servname provided, or not known in /Users/kang-yean-woo/42/cursus/webserv/wordpress/wp-includes/class-wpdb.php on line 1987
[19-Apr-2024 13:23:33 UTC] PHP Warning:  mysqli_real_connect(): php_network_getaddresses: getaddrinfo for mariadb failed: nodename nor servname provided, or not known in /Users/kang-yean-woo/42/cursus/webserv/wordpress/wp-includes/class-wpdb.php on line 1987
[19-Apr-2024 13:23:33 UTC] PHP Warning:  mysqli_real_connect(): (HY000/2002): php_network_getaddresses: getaddrinfo for mariadb failed: nodename nor servname provided, or not known in /Users/kang-yean-woo/42/cursus/webserv/wordpress/wp-includes/class-wpdb.php on line 1987
[19-Apr-2024 13:26:51 UTC] PHP Warning:  mysqli_real_connect(): php_network_getaddresses: getaddrinfo for mariadb failed: nodename nor servname provided, or not known in /Users/kang-yean-woo/42/cursus/webserv/wordpress/wp-includes/class-wpdb.php on line 1987
[19-Apr-2024 13:26:51 UTC] PHP Warning:  mysqli_real_connect(): (HY000/2002): php_network_getaddresses: getaddrinfo for mariadb failed: nodename nor servname provided, or not known in /Users/kang-yean-woo/42/cursus/webserv/wordpress/wp-includes/class-wpdb.php on line 1987
[19-Apr-2024 13:27:58 UTC] PHP Warning:  mysqli_real_connect(): php_network_getaddresses: getaddrinfo for mariadb failed: nodename nor servname provided, or not known in /Users/kang-yean-woo/42/cursus/webserv/wordpress/wp-includes/class-wpdb.php on line 1987
[19-Apr-2024 13:27:58 UTC] PHP Warning:  mysqli_real_connect(): (HY000/2002): php_network_getaddresses: getaddrinfo for mariadb failed: nodename nor servname provided, or not known in /Users/kang-yean-woo/42/cursus/webserv/wordpress/wp-includes/class-wpdb.php on line 1987
[19-Apr-2024 13:28:44 UTC] PHP Warning:  mysqli_real_connect(): php_network_getaddresses: getaddrinfo for mariadb failed: nodename nor servname provided, or not known in /Users/kang-yean-woo/42/cursus/webserv/wordpress/wp-includes/class-wpdb.php on line 1987
[19-Apr-2024 13:28:44 UTC] PHP Warning:  mysqli_real_connect(): (HY000/2002): php_network_getaddresses: getaddrinfo for mariadb failed: nodename nor servname provided, or not known in /Users/kang-yean-woo/42/cursus/webserv/wordpress/wp-includes/class-wpdb.php on line 1987
[19-Apr-2024 13:29:13 UTC] PHP Warning:  mysqli_real_connect(): php_network_getaddresses: getaddrinfo for mariadb failed: nodename nor servname provided, or not known in /Users/kang-yean-woo/42/cursus/webserv/wordpress/wp-includes/class-wpdb.php on line 1987
[19-Apr-2024 13:29:13 UTC] PHP Warning:  mysqli_real_connect(): (HY000/2002): php_network_getaddresses: getaddrinfo for mariadb failed: nodename nor servname provided, or not known in /Users/kang-yean-woo/42/cursus/webserv/wordpress/wp-includes/class-wpdb.php on line 1987
[19-Apr-2024 13:30:23 UTC] PHP Warning:  mysqli_real_connect(): php_network_getaddresses: getaddrinfo for mariadb failed: nodename nor servname provided, or not known in /Users/kang-yean-woo/42/cursus/webserv/wordpress/wp-includes/class-wpdb.php on line 1987
[19-Apr-2024 13:30:23 UTC] PHP Warning:  mysqli_real_connect(): (HY000/2002): php_network_getaddresses: getaddrinfo for mariadb failed: nodename nor servname provided, or not known in /Users/kang-yean-woo/42/cursus/webserv/wordpress/wp-includes/class-wpdb.php on line 1987
[19-Apr-2024 13:33:32 UTC] PHP Warning:  mysqli_real_connect(): php_network_getaddresses: getaddrinfo for mariadb failed: nodename nor servname provided, or not known in /Users/kang-yean-woo/42/cursus/webserv/wordpress/wp-includes/class-wpdb.php on line 1987
[19-Apr-2024 13:33:32 UTC] PHP Warning:  mysqli_real_connect(): (HY000/2002): php_network_getaddresses: getaddrinfo for mariadb failed: nodename nor servname provided, or not known in /Users/kang-yean-woo/42/cursus/webserv/wordpress/wp-includes/class-wpdb.php on line 1987
[19-Apr-2024 13:34:29 UTC] PHP Warning:  mysqli_real_connect(): php_network_getaddresses: getaddrinfo for mariadb failed: nodename nor servname provided, or not known in /Users/kang-yean-woo/42/cursus/webserv/wordpress/wp-includes/class-wpdb.php on line 1987
[19-Apr-2024 13:34:29 UTC] PHP Warning:  mysqli_real_connect(): (HY000/2002): php_network_getaddresses: getaddrinfo for mariadb failed: nodename nor servname provided, or not known in /Users/kang-yean-woo/42/cursus/webserv/wordpress/wp-includes/class-wpdb.php on line 1987
[19-Apr-2024 13:35:42 UTC] PHP Warning:  mysqli_real_connect(): php_network_getaddresses: getaddrinfo for mariadb failed: nodename nor servname provided, or not known in /Users/kang-yean-woo/42/cursus/webserv/wordpress/wp-includes/class-wpdb.php on line 1987
[19-Apr-2024 13:35:42 UTC] PHP Warning:  mysqli_real_connect(): (HY000/2002): php_network_getaddresses: getaddrinfo for mariadb failed: nodename nor servname provided, or not known in /Users/kang-yean-woo/42/cursus/webserv/wordpress/wp-includes/class-wpdb.php on line 1987
[19-Apr-2024 13:36:48 UTC] PHP Warning:  mysqli_real_connect(): php_network_getaddresses: getaddrinfo for mariadb failed: nodename nor servname provided, or not known in /Users/kang-yean-woo/42/cursus/webserv/wordpress/wp-includes/class-wpdb.php on line 1987
[19-Apr-2024 13:36:48 UTC] PHP Warning:  mysqli_real_connect(): (HY000/2002): php_network_getaddresses: getaddrinfo for mariadb failed: nodename nor servname provided, or not known in /Users/kang-yean-woo/42/cursus/webserv/wordpress/wp-includes/class-wpdb.php on line 1987
[19-Apr-2024 13:38:15 UTC] PHP Warning:  mysqli_real_connect(): php_network_getaddresses: getaddrinfo for mariadb failed: nodename nor servname provided, or not known in /Users/kang-yean-woo/42/cursus/webserv/wordpress/wp-includes/class-wpdb.php on line 1987
[19-Apr-2024 13:38:15 UTC] PHP Warning:  mysqli_real_connect(): (HY000/2002): php_network_getaddresses: getaddrinfo for mariadb failed: nodename nor servname provided, or not known in /Users/kang-yean-woo/42/cursus/webserv/wordpress/wp-includes/class-wpdb.php on line 1987
[19-Apr-2024 13:43:35 UTC] PHP Warning:  mysqli_real_connect(): php_network_getaddresses: getaddrinfo for mariadb failed: nodename nor servname provided, or not known in /Users/kang-yean-woo/42/cursus/webserv/wordpress/wp-includes/class-wpdb.php on line 1987
[19-Apr-2024 13:43:35 UTC] PHP Warning:  mysqli_real_connect(): (HY000/2002): php_network_getaddresses: getaddrinfo for mariadb failed: nodename nor servname provided, or not known in /Users/kang-yean-woo/42/cursus/webserv/wordpress/wp-includes/class-wpdb.php on line 1987
[19-Apr-2024 13:44:28 UTC] PHP Warning:  mysqli_real_connect(): php_network_getaddresses: getaddrinfo for mariadb failed: nodename nor servname provided, or not known in /Users/kang-yean-woo/42/cursus/webserv/wordpress/wp-includes/class-wpdb.php on line 1987
[19-Apr-2024 13:44:28 UTC] PHP Warning:  mysqli_real_connect(): (HY000/2002): php_network_getaddresses: getaddrinfo for mariadb failed: nodename nor servname provided, or not known in /Users/kang-yean-woo/42/cursus/webserv/wordpress/wp-includes/class-wpdb.php on line 1987
[19-Apr-2024 13:46:07 UTC] PHP Warning:  mysqli_real_connect(): php_network_getaddresses: getaddrinfo for mariadb failed: nodename nor servname provided, or not known in /Users/kang-yean-woo/42/cursus/webserv/wordpress/wp-includes/class-wpdb.php on line 1987
[19-Apr-2024 13:46:07 UTC] PHP Warning:  mysqli_real_connect(): (HY000/2002): php_network_getaddresses: getaddrinfo for mariadb failed: nodename nor servname provided, or not known in /Users/kang-yean-woo/42/cursus/webserv/wordpress/wp-includes/class-wpdb.php on line 1987
[19-Apr-2024 13:52:51 UTC] PHP Warning:  mysqli_real_connect(): php_network_getaddresses: getaddrinfo for mariadb failed: nodename nor servname provided, or not known in /Users/kang-yean-woo/42/cursus/webserv/wordpress/wp-includes/class-wpdb.php on line 1987
[19-Apr-2024 13:52:51 UTC] PHP Warning:  mysqli_real_connect(): (HY000/2002): php_network_getaddresses: getaddrinfo for mariadb failed: nodename nor servname provided, or not known in /Users/kang-yean-woo/42/cursus/webserv/wordpress/wp-includes/class-wpdb.php on line 1987

